<?xml version="1.0" encoding="UTF-8"?>
<testsuite name="sourceTest.DictionaryTest" tests="1" skipped="0" failures="0" errors="0" timestamp="2021-09-16T13:53:38" hostname="LAPTOP-47LD9NFV" time="0.018">
  <properties/>
  <testcase name="testDictionaryName" classname="sourceTest.DictionaryTest" time="0.018"/>
  <system-out><![CDATA[]]></system-out>
  <system-err><![CDATA[]]></system-err>
</testsuite>
